<?xml version="1.0" encoding="UTF-8"?>
<!-- Generated by org.testng.reporters.JUnitReportReporter -->
<testsuite hostname="DESKTOP-QS3L28C" failures="0" tests="6" name="tests_PF.ExecuteTests2_PF" time="46.471" errors="0" timestamp="2022-09-05T17:03:10 IST" skipped="0">
  <testcase classname="tests_PF.ExecuteTests2_PF" name="Test_PageUrl" time="0.121"/>
  <system-out/>
  <testcase classname="tests_PF.ExecuteTests2_PF" name="Test_Country" time="16.017"/>
  <system-out/>
  <testcase classname="tests_PF.ExecuteTests2_PF" name="Test_Address" time="9.223"/>
  <system-out/>
  <testcase classname="tests_PF.ExecuteTests2_PF" name="Test_Email" time="8.964"/>
  <system-out/>
  <testcase classname="tests_PF.ExecuteTests2_PF" name="Test_Phone" time="8.780"/>
  <system-out/>
  <testcase classname="tests_PF.ExecuteTests2_PF" name="Test_Submit_Details" time="3.366"/>
  <system-out/>
</testsuite> <!-- tests_PF.ExecuteTests2_PF -->
